This is XeTeX, Version 3.1415926-2.5-0.9999.3 (TeX Live 2013) (format=xelatex 2013.5.30)  17 NOV 2015 11:29
entering extended mode
 restricted \write18 enabled.
 %&-line parsing enabled.
**ProjectDescription.tex
(./ProjectDescription.tex
LaTeX2e <2011/06/27>
Babel <3.9f> and hyphenation patterns for 78 languages loaded.
(/usr/local/texlive/2013/texmf-dist/tex/latex/base/article.cls
Document Class: article 2007/10/19 v1.4h Standard LaTeX document class
(/usr/local/texlive/2013/texmf-dist/tex/latex/base/size11.clo
File: size11.clo 2007/10/19 v1.4h Standard LaTeX file (size option)
)
\c@part=\count80
\c@section=\count81
\c@subsection=\count82
\c@subsubsection=\count83
\c@paragraph=\count84
\c@subparagraph=\count85
\c@figure=\count86
\c@table=\count87
\abovecaptionskip=\skip41
\belowcaptionskip=\skip42
\bibindent=\dimen102
)
(/usr/local/texlive/2013/texmf-dist/tex/latex/graphics/epsfig.sty
Package: epsfig 1999/02/16 v1.7a (e)psfig emulation (SPQR)

(/usr/local/texlive/2013/texmf-dist/tex/latex/graphics/graphicx.sty
Package: graphicx 1999/02/16 v1.0f Enhanced LaTeX Graphics (DPC,SPQR)

(/usr/local/texlive/2013/texmf-dist/tex/latex/graphics/keyval.sty
Package: keyval 1999/03/16 v1.13 key=value parser (DPC)
\KV@toks@=\toks14
)
(/usr/local/texlive/2013/texmf-dist/tex/latex/graphics/graphics.sty
Package: graphics 2009/02/05 v1.0o Standard LaTeX Graphics (DPC,SPQR)

(/usr/local/texlive/2013/texmf-dist/tex/latex/graphics/trig.sty
Package: trig 1999/03/16 v1.09 sin cos tan (DPC)
)
(/usr/local/texlive/2013/texmf-dist/tex/latex/latexconfig/graphics.cfg
File: graphics.cfg 2010/04/23 v1.9 graphics configuration of TeX Live
)
Package graphics Info: Driver file: xetex.def on input line 91.

(/usr/local/texlive/2013/texmf-dist/tex/xelatex/xetex-def/xetex.def
File: xetex.def 2013/04/29 v0.96 LaTeX color/graphics driver for XeTeX (RRM/JK)

))
\Gin@req@height=\dimen103
\Gin@req@width=\dimen104
)
\epsfxsize=\dimen105
\epsfysize=\dimen106
)
(/usr/local/texlive/2013/texmf-dist/tex/latex/subfigure/subfigure.sty
Package: subfigure 2002/03/15 v2.1.5 subfigure package
\subfigtopskip=\skip43
\subfigcapskip=\skip44
\subfigcaptopadj=\dimen107
\subfigbottomskip=\skip45
\subfigcapmargin=\dimen108
\subfiglabelskip=\skip46
\c@subfigure=\count88
\c@lofdepth=\count89
\c@subtable=\count90
\c@lotdepth=\count91

****************************************
* Local config file subfigure.cfg used *
****************************************
(/usr/local/texlive/2013/texmf-dist/tex/latex/subfigure/subfigure.cfg)
\subfig@top=\skip47
\subfig@bottom=\skip48
)
(/usr/local/texlive/2013/texmf-dist/tex/latex/url/url.sty
\Urlmuskip=\muskip10
Package: url 2006/04/12  ver 3.3  Verb mode for urls, etc.
)
(/usr/local/texlive/2013/texmf-dist/tex/latex/setspace/setspace.sty
Package: setspace 2011/12/19 v6.7a set line spacing
)
(/usr/local/texlive/2013/texmf-dist/tex/latex/amsmath/amsmath.sty
Package: amsmath 2013/01/14 v2.14 AMS math features
\@mathmargin=\skip49

For additional information on amsmath, use the `?' option.
(/usr/local/texlive/2013/texmf-dist/tex/latex/amsmath/amstext.sty
Package: amstext 2000/06/29 v2.01

(/usr/local/texlive/2013/texmf-dist/tex/latex/amsmath/amsgen.sty
File: amsgen.sty 1999/11/30 v2.0
\@emptytoks=\toks15
\ex@=\dimen109
))
(/usr/local/texlive/2013/texmf-dist/tex/latex/amsmath/amsbsy.sty
Package: amsbsy 1999/11/29 v1.2d
\pmbraise@=\dimen110
)
(/usr/local/texlive/2013/texmf-dist/tex/latex/amsmath/amsopn.sty
Package: amsopn 1999/12/14 v2.01 operator names
)
\inf@bad=\count92
LaTeX Info: Redefining \frac on input line 210.
\uproot@=\count93
\leftroot@=\count94
LaTeX Info: Redefining \overline on input line 306.
\classnum@=\count95
\DOTSCASE@=\count96
LaTeX Info: Redefining \ldots on input line 378.
LaTeX Info: Redefining \dots on input line 381.
LaTeX Info: Redefining \cdots on input line 466.
\Mathstrutbox@=\box26
\strutbox@=\box27
\big@size=\dimen111
LaTeX Font Info:    Redeclaring font encoding OML on input line 566.
LaTeX Font Info:    Redeclaring font encoding OMS on input line 567.
\macc@depth=\count97
\c@MaxMatrixCols=\count98
\dotsspace@=\muskip11
\c@parentequation=\count99
\dspbrk@lvl=\count100
\tag@help=\toks16
\row@=\count101
\column@=\count102
\maxfields@=\count103
\andhelp@=\toks17
\eqnshift@=\dimen112
\alignsep@=\dimen113
\tagshift@=\dimen114
\tagwidth@=\dimen115
\totwidth@=\dimen116
\lineht@=\dimen117
\@envbody=\toks18
\multlinegap=\skip50
\multlinetaggap=\skip51
\mathdisplay@stack=\toks19
LaTeX Info: Redefining \[ on input line 2665.
LaTeX Info: Redefining \] on input line 2666.
)
(/usr/local/texlive/2013/texmf-dist/tex/latex/amsfonts/amssymb.sty
Package: amssymb 2013/01/14 v3.01 AMS font symbols

(/usr/local/texlive/2013/texmf-dist/tex/latex/amsfonts/amsfonts.sty
Package: amsfonts 2013/01/14 v3.01 Basic AMSFonts support
\symAMSa=\mathgroup4
\symAMSb=\mathgroup5
LaTeX Font Info:    Overwriting math alphabet `\mathfrak' in version `bold'
(Font)                  U/euf/m/n --> U/euf/b/n on input line 106.
))
(./ProjectDescription.aux)
\openout1 = `ProjectDescription.aux'.

LaTeX Font Info:    Checking defaults for OML/cmm/m/it on input line 25.
LaTeX Font Info:    ... okay on input line 25.
LaTeX Font Info:    Checking defaults for T1/cmr/m/n on input line 25.
LaTeX Font Info:    ... okay on input line 25.
LaTeX Font Info:    Checking defaults for OT1/cmr/m/n on input line 25.
LaTeX Font Info:    ... okay on input line 25.
LaTeX Font Info:    Checking defaults for OMS/cmsy/m/n on input line 25.
LaTeX Font Info:    ... okay on input line 25.
LaTeX Font Info:    Checking defaults for OMX/cmex/m/n on input line 25.
LaTeX Font Info:    ... okay on input line 25.
LaTeX Font Info:    Checking defaults for U/cmr/m/n on input line 25.
LaTeX Font Info:    ... okay on input line 25.
LaTeX Font Info:    Try loading font information for U+msa on input line 37.

(/usr/local/texlive/2013/texmf-dist/tex/latex/amsfonts/umsa.fd
File: umsa.fd 2013/01/14 v3.01 AMS symbols A
)
LaTeX Font Info:    Try loading font information for U+msb on input line 37.

(/usr/local/texlive/2013/texmf-dist/tex/latex/amsfonts/umsb.fd
File: umsb.fd 2013/01/14 v3.01 AMS symbols B
) [1

]
File: Figures/th1.png Graphic file (type QTm)

<use  "Figures/th1.png" >
File: Figures/th2.png Graphic file (type QTm)
 <use  "Figures/th2.png" >
File: Figures/th-features.png Graphic file (type QTm)

<use  "Figures/th-features.png" >
File: Figures/BN-th.pdf Graphic file (type QTm)
 <use  "Figures/BN-th.pdf" >
File: Figures/Priors-posteriors.png Graphic file (type QTm)

<use  "Figures/Priors-posteriors.png" > [2]
File: Figures/LRperformance.png Graphic file (type QTm)

<use  "Figures/LRperformance.png" > [3]

LaTeX Font Warning: Command \boldmath invalid in math mode on input line 124.


LaTeX Font Warning: Command \mathversion invalid in math mode on input line 124
.


LaTeX Font Warning: Command \boldmath invalid in math mode on input line 126.


LaTeX Font Warning: Command \mathversion invalid in math mode on input line 126
.


LaTeX Font Warning: Command \boldmath invalid in math mode on input line 127.


LaTeX Font Warning: Command \mathversion invalid in math mode on input line 127
.


LaTeX Font Warning: Command \boldmath invalid in math mode on input line 127.


LaTeX Font Warning: Command \mathversion invalid in math mode on input line 127
.


LaTeX Font Warning: Command \boldmath invalid in math mode on input line 127.


LaTeX Font Warning: Command \mathversion invalid in math mode on input line 127
.


LaTeX Font Warning: Command \boldmath invalid in math mode on input line 127.


LaTeX Font Warning: Command \mathversion invalid in math mode on input line 127
.


LaTeX Font Warning: Command \boldmath invalid in math mode on input line 127.


LaTeX Font Warning: Command \mathversion invalid in math mode on input line 127
.


LaTeX Font Warning: Command \boldmath invalid in math mode on input line 127.


LaTeX Font Warning: Command \mathversion invalid in math mode on input line 127
.


LaTeX Font Warning: Command \boldmath invalid in math mode on input line 127.


LaTeX Font Warning: Command \mathversion invalid in math mode on input line 127
.


LaTeX Font Warning: Command \boldmath invalid in math mode on input line 127.


LaTeX Font Warning: Command \mathversion invalid in math mode on input line 127
.

[4]
File: Figures/USExample1.png Graphic file (type QTm)
 <use  "Figures/USExample1.png" >
File: Figures/USExample2.png Graphic file (type QTm)
 <use  "Figures/USExample2.png" >
File: Figures/NeuralNetworkJFS.png Graphic file (type QTm)

<use  "Figures/NeuralNetworkJFS.png" > [5]
File: Figures/FootwearQ.png Graphic file (type QTm)
 <use  "Figures/FootwearQ.png" >
File: Figures/FootwearK.png Graphic file (type QTm)

<use  "Figures/FootwearK.png" >
File: Figures/shoe_houghresults.jpg Graphic file (type QTm)
 <use  "Figures/shoe_houghresults.jpg" >
File: Figures/shoe_graphs.jpg Graphic file (type QTm)

<use  "Figures/shoe_graphs.jpg" > [6] [7]
File: Figures/nn431.pdf Graphic file (type QTm)
 <use  "Figures/nn431.pdf" >
File: Figures/nnLR.pdf Graphic file (type QTm)

<use  "Figures/nnLR.pdf" >

LaTeX Warning: Float too large for page by 28.10956pt on input line 294.

[8] [9]
File: Figures/Probit.pdf Graphic file (type QTm)
 <use  "Figures/Probit.pdf" >
File: Figures/cnn.pdf Graphic file (type QTm)
 <use  "Figures/cnn.pdf" >

LaTeX Font Warning: Command \boldmath invalid in math mode on input line 343.


LaTeX Font Warning: Command \mathversion invalid in math mode on input line 343
.


LaTeX Font Warning: Command \boldmath invalid in math mode on input line 343.


LaTeX Font Warning: Command \mathversion invalid in math mode on input line 343
.

[10]
File: Figures/AugmentedData.png Graphic file (type QTm)
 <use  "Figures/AugmentedData.png" > [11]
Overfull \hbox (6.42421pt too wide) in paragraph at lines 374--378
\OT1/cmr/m/n/10.95 where: $\OML/cmm/m/it/10.95 LR\OT1/cmr/m/n/10.95 (\OML/cmm/m
/it/10.95 ^^^[]; ^^^[]\OT1/cmr/m/n/10.95 ) = []$. The pos-te-rior prob-a-bil-it
y in (8[]), can be con-verted into $\OML/cmm/m/it/10.95 LR\OT1/cmr/m/n/10.95 (^
^H[]\OML/cmm/m/it/10.95 ; \OT1/cmr/m/n/10.95 ^^H[])$
 []

[12]
File: figures/Missing_cursive.pdf Graphic file (type QTm)
 <use  "figures/Missing_cursive.pdf" >
File: figures/and_feature_cursive.jpg Graphic file (type QTm)

<use  "figures/and_feature_cursive.jpg" > [13] [14] [15]
(./ProjectDescription.bbl [1] [2]) [3] (./ProjectDescription.aux) ) 
Here is how much of TeX's memory you used:
 1894 strings out of 493938
 23116 string characters out of 6148857
 83323 words of memory out of 5000000
 5161 multiletter control sequences out of 15000+600000
 15766 words of font info for 60 fonts, out of 8000000 for 9000
 1144 hyphenation exceptions out of 8191
 32i,11n,26p,1045b,316s stack positions out of 5000i,500n,10000p,200000b,80000s

Output written on ProjectDescription.pdf (18 pages).
